<?xml version="1.0" encoding="UTF-8"?>
<testsuite xmlns:xsi="http://www.w3.org/2001/XMLSchema-instance" xsi:noNamespaceSchemaLocation="https://maven.apache.org/surefire/maven-surefire-plugin/xsd/surefire-test-report.xsd" name="ProfileTest" time="15.251" tests="3" errors="0" skipped="0" failures="2">
  <properties>
[...]
</properties>
  <testcase name="checkNavigateFromProfileToMainPageLogo" classname="ProfileTest" time="4.757"/>
  <testcase name="checkNavigateFromProfileToConstructor" classname="ProfileTest" time="10.491">
    <failure message="Element should hidden {By.xpath: //h2[text()=&apos;Вход&apos;]}&#10;Element: &apos;&lt;h2&gt;Вход&lt;/h2&gt;&apos;&#10;Screenshot: file:/C:/Users/Artyr/IdeaProjects/Diplom_3/build/reports/tests/1687688016959.3.png&#10;Page source: file:/C:/Users/Artyr/IdeaProjects/Diplom_3/build/reports/tests/1687688016959.3.html&#10;Timeout: 4 s." type="com.codeborne.selenide.ex.ElementShould"><![CDATA[com.codeborne.selenide.ex.ElementShould: 
Element should hidden {By.xpath: //h2[text()='Вход']}
Element: '<h2>Вход</h2>'
Screenshot: file:/C:/Users/Artyr/IdeaProjects/Diplom_3/build/reports/tests/1687688016959.3.png
Page source: file:/C:/Users/Artyr/IdeaProjects/Diplom_3/build/reports/tests/1687688016959.3.html
Timeout: 4 s.
	at ProfileTest.setUp(ProfileTest.java:31)
]]></failure>
  </testcase>
  <testcase name="checkNavigateFromProfileToConstructor" classname="ProfileTest" time="10.492">
    <failure message="Element not found {By.xpath: //button[text()=&apos;Выход&apos;]}&#10;Expected: visible&#10;Screenshot: file:/C:/Users/Artyr/IdeaProjects/Diplom_3/build/reports/tests/1687688021214.4.png&#10;Page source: file:/C:/Users/Artyr/IdeaProjects/Diplom_3/build/reports/tests/1687688021214.4.html&#10;Timeout: 4 s.&#10;Caused by: NoSuchElementException: no such element: Unable to locate element: {&quot;method&quot;:&quot;xpath&quot;,&quot;selector&quot;:&quot;//button[text()=&apos;Выход&apos;]&quot;}" type="com.codeborne.selenide.ex.ElementNotFound">com.codeborne.selenide.ex.ElementNotFound: 
Element not found {By.xpath: //button[text()='Выход']}
Expected: visible
Screenshot: file:/C:/Users/Artyr/IdeaProjects/Diplom_3/build/reports/tests/1687688021214.4.png
Page source: file:/C:/Users/Artyr/IdeaProjects/Diplom_3/build/reports/tests/1687688021214.4.html
Timeout: 4 s.
Caused by: NoSuchElementException: no such element: Unable to locate element: {"method":"xpath","selector":"//button[text()='Выход']"}
	at ProfileTest.cleanData(ProfileTest.java:67)
Caused by: org.openqa.selenium.NoSuchElementException: 
no such element: Unable to locate element: {"method":"xpath","selector":"//button[text()='Выход']"}
  (Session info: chrome=112.0.5615.204)
For documentation on this error, please visit: https://www.seleniumhq.org/exceptions/no_such_element.html
Build info: version: '3.141.59', revision: 'e82be7d358', time: '2018-11-14T08:17:03'
System info: host: 'ARTNOUT', ip: '192.168.0.105', os.name: 'Windows 11', os.arch: 'amd64', os.version: '10.0', java.version: '11.0.18'
Driver info: org.openqa.selenium.chrome.ChromeDriver
Capabilities {acceptInsecureCerts: true, browserName: chrome, browserVersion: 112.0.5615.204, chrome: {chromedriverVersion: 112.0.5615.49 (bd2a7bcb881c..., userDataDir: C:\Users\Artyr\AppData\Loca...}, goog:chromeOptions: {debuggerAddress: localhost:60806}, javascriptEnabled: true, networkConnectionEnabled: false, pageLoadStrategy: normal, platform: WINDOWS, platformName: WINDOWS, proxy: Proxy(), setWindowRect: true, strictFileInteractability: false, timeouts: {implicit: 0, pageLoad: 300000, script: 30000}, unhandledPromptBehavior: dismiss and notify, webauthn:extension:credBlob: true, webauthn:extension:largeBlob: true, webauthn:extension:minPinLength: true, webauthn:extension:prf: true, webauthn:virtualAuthenticators: true}
Session ID: 0d456eddf5857dcba01808359ae402a8
*** Element info: {Using=xpath, value=//button[text()='Выход']}
	at ProfileTest.cleanData(ProfileTest.java:67)
</failure>
  </testcase>
</testsuite>