<?xml version="1.0" encoding="UTF-8"?>
<testsuite xmlns:xsi="http://www.w3.org/2001/XMLSchema-instance" xsi:noNamespaceSchemaLocation="https://maven.apache.org/surefire/maven-surefire-plugin/xsd/surefire-test-report.xsd" name="ConstructorTest" time="5.779" tests="3" errors="0" skipped="0" failures="0">
  <properties>
[...]
</properties>
  <testcase name="checkClickBuns" classname="ConstructorTest" time="4.444"/>
  <testcase name="checkClickSouce" classname="ConstructorTest" time="0.59"/>
  <testcase name="checkClickFilling" classname="ConstructorTest" time="0.573"/>
</testsuite>